<?xml version="1.0" encoding="utf-8" standalone="no"?>
<!--This file represents the results of running a test suite-->
<test-results name="C:\rick\dev\gnip\gnip-dotnet-master\Gnip.ClientTest\gnip.nunit" total="9" failures="0" not-run="0" date="2009-02-02" time="11:36:42">
  <environment nunit-version="2.4.8.0" clr-version="2.0.50727.3053" os-version="Microsoft Windows NT 6.0.6001 Service Pack 1" platform="Win32NT" cwd="C:\Programs\NUnit-2.4.8-net-2.0\bin" machine-name="HYDROGEN" user="rick" user-domain="MONDOROBOT" />
  <culture-info current-culture="en-US" current-uiculture="en-US" />
  <test-suite name="C:\rick\dev\gnip\gnip-dotnet-master\Gnip.ClientTest\gnip.nunit" success="True" time="26.079" asserts="0">
    <results>
      <test-suite name="C:\rick\dev\gnip\gnip-dotnet-master\Gnip.ClientTest\bin\Debug\Gnip.ClientTest.exe" success="True" time="26.060" asserts="0">
        <results>
          <test-suite name="Gnip" success="True" time="26.056" asserts="0">
            <results>
              <test-suite name="Client" success="True" time="26.049" asserts="0">
                <results>
                  <test-suite name="GnipConnectionActivityTestCase" success="True" time="26.022" asserts="0">
                    <results>
                      <test-case name="Gnip.Client.GnipConnectionActivityTestCase.TestGetActivityForFilterFromGnip_01" executed="True" success="True" time="2.524" asserts="3" />
                      <test-case name="Gnip.Client.GnipConnectionActivityTestCase.TestGetActivityForFilterFromGnip_02" executed="True" success="True" time="1.177" asserts="7" />
                      <test-case name="Gnip.Client.GnipConnectionActivityTestCase.TestGetActivityForFilterFromGnip_03" executed="True" success="True" time="1.092" asserts="7" />
                      <test-case name="Gnip.Client.GnipConnectionActivityTestCase.TestGetActivityForFilterFromGnipWithTime_01" executed="True" success="True" time="1.196" asserts="5" />
                      <test-case name="Gnip.Client.GnipConnectionActivityTestCase.TestGetActivityForFilterFromGnipWithTime_02" executed="True" success="True" time="1.245" asserts="5" />
                      <test-case name="Gnip.Client.GnipConnectionActivityTestCase.TestGetActivityFromGnip" executed="True" success="True" time="0.683" asserts="4" />
                      <test-case name="Gnip.Client.GnipConnectionActivityTestCase.TestPayloadEncodeDecode" executed="True" success="True" time="0.259" asserts="18" />
                      <test-case name="Gnip.Client.GnipConnectionActivityTestCase.TestPublishActivityToGnip" executed="True" success="True" time="0.330" asserts="0" />
                      <test-case name="Gnip.Client.GnipConnectionActivityTestCase.TestPublishActivityWithPayloadToGnip" executed="True" success="True" time="0.380" asserts="0" />
                    </results>
                  </test-suite>
                </results>
              </test-suite>
            </results>
          </test-suite>
        </results>
      </test-suite>
    </results>
  </test-suite>
</test-results>